<?xml version="1.0" encoding="UTF-8"?>
<testng-results ignored="0" total="1" passed="1" failed="0" skipped="0">
  <reporter-output>
  </reporter-output>
  <suite started-at="2021-03-09T12:09:28 IST" name="Default suite" finished-at="2021-03-09T12:09:36 IST" duration-ms="7501">
    <groups>
    </groups>
    <test started-at="2021-03-09T12:09:28 IST" name="Default test" finished-at="2021-03-09T12:09:36 IST" duration-ms="7501">
      <class name="Testngproject.Testclass">
        <test-method is-config="true" signature="setup()[pri:0, instance:Testngproject.Testclass@2118cddf]" started-at="2021-03-09T12:09:28 IST" name="setup" finished-at="2021-03-09T12:09:36 IST" duration-ms="7477" status="PASS">
          <reporter-output>
          </reporter-output>
        </test-method> <!-- setup -->
        <test-method signature="Tc__1()[pri:0, instance:Testngproject.Testclass@2118cddf]" started-at="2021-03-09T12:09:36 IST" name="Tc__1" finished-at="2021-03-09T12:09:36 IST" duration-ms="3" status="PASS">
          <reporter-output>
          </reporter-output>
        </test-method> <!-- Tc__1 -->
      </class> <!-- Testngproject.Testclass -->
    </test> <!-- Default test -->
  </suite> <!-- Default suite -->
</testng-results>
